2024-12-15 23:15:10,251 [INFO] [app] Команды загружены.
2024-12-15 23:15:10,251 [INFO] [app] Загруженные команды: [{'command': {'action': 'exe', 'exe_path': 'commands/browser/exe/Run browser.exe'}, 'voice': {'sounds': ['execute1', 'execute2']}, 'phrases': ['открой браузер']}, {'command': {'action': 'exe', 'exe_path': 'commands/browser/exe/Close browser.exe'}, 'voice': {'sounds': ['execute1', 'execute2']}, 'phrases': ['закрой все браузеры', 'закрой браузер', 'выключи браузер', 'убери браузер']}, {'command': {'action': 'exe', 'exe_path': 'commands/browser/exe/Run website.exe', 'exe_args': ['http://youtube.com']}, 'voice': {'sounds': ['execute1', 'execute2']}, 'phrases': ['открой ютуб', 'ютуб', 'запусти ютуб']}, {'command': {'action': 'cli', 'cli_cmd': 'calc'}, 'voice': {'sounds': ['execute1', 'execute2']}, 'phrases': ['включи калькулятор', 'открой калькулятор', 'покажи калькулятор', 'запусти калькулятор', 'калькулятор']}, {'command': {'action': 'cli', 'cli_cmd': 'taskkill', 'cli_args': ['/f', '/im', 'CalculatorApp.exe']}, 'voice': {'sounds': ['execute1', 'execute2']}, 'phrases': ['закрой калькулятор', 'отключи калькулятор', 'выключи калькулятор', 'убери калькулятор']}, {'command': {'action': 'voice'}, 'voice': {'sounds': ['joke1', 'joke2']}, 'phrases': ['расскажи анекдот', 'рассмеши', 'пошути', 'шутка', 'расскажи шутку', 'развесели меня', 'что нибудь смешное', 'подними мне настроение', 'мне скучно', 'хочу шутку', 'хочу анекдот', 'пошути', 'расскажи что нибудь смешное', 'расскажи смешное что нибудь', 'хочу посмеяться']}]
2024-12-15 23:15:10,251 [INFO] [app] Голосовой ассистент запущен...
2024-12-15 23:15:12,332 [INFO] [player] Воспроизведение случайного приветствия...
2024-12-15 23:15:12,332 [INFO] [player] Начато воспроизведение файла: ../JarvisSound/WakeWord\atyourservice.wav
2024-12-15 23:15:14,163 [INFO] [resource_manager] Аудиопоток освобождён.
2024-12-15 23:15:14,163 [INFO] [player] Файл успешно воспроизведён: ../JarvisSound/WakeWord\atyourservice.wav
2024-12-15 23:15:15,110 [INFO] [recognizer] Запись команды...
2024-12-15 23:15:17,752 [INFO] [recognizer] Не обнаружен голос пользователя
2024-12-15 23:15:17,762 [INFO] [resource_manager] Аудиопоток освобождён.
2024-12-15 23:15:17,842 [INFO] [app] Отсутствует полученная фраза
2024-12-15 23:15:26,620 [INFO] [player] Воспроизведение случайного приветствия...
2024-12-15 23:15:26,620 [INFO] [player] Начато воспроизведение файла: ../JarvisSound/WakeWord\yessir.wav
2024-12-15 23:15:27,933 [INFO] [resource_manager] Аудиопоток освобождён.
2024-12-15 23:15:27,933 [INFO] [player] Файл успешно воспроизведён: ../JarvisSound/WakeWord\yessir.wav
2024-12-15 23:15:28,818 [INFO] [recognizer] Запись команды...
2024-12-15 23:15:30,663 [INFO] [recognizer] Распознанная команда: какой калькулятор
2024-12-15 23:15:30,667 [INFO] [resource_manager] Аудиопоток освобождён.
2024-12-15 23:15:30,738 [INFO] [app] Получена фраза: какой калькулятор
2024-12-15 23:15:30,738 [INFO] [app] Команда отфильтрована: какой калькулятор
2024-12-15 23:15:30,738 [INFO] [command] Поиск команды для фразы: какой калькулятор
2024-12-15 23:15:30,799 [INFO] [command] Найдена команда: {'command': {'action': 'cli', 'cli_cmd': 'calc'}, 'voice': {'sounds': ['execute1', 'execute2']}, 'phrases': ['включи калькулятор', 'открой калькулятор', 'покажи калькулятор', 'запусти калькулятор', 'калькулятор']} с баллом 50.0
2024-12-15 23:15:30,799 [INFO] [app] Выполнение команды: {'command': {'action': 'cli', 'cli_cmd': 'calc'}, 'voice': {'sounds': ['execute1', 'execute2']}, 'phrases': ['включи калькулятор', 'открой калькулятор', 'покажи калькулятор', 'запусти калькулятор', 'калькулятор']}
2024-12-15 23:15:30,799 [INFO] [command] Воспроизведение звука: ..\JarvisSound\execute2.wav
2024-12-15 23:15:30,800 [INFO] [command] Выполняется команда: calc []
2024-12-15 23:15:30,800 [INFO] [player] Начато воспроизведение файла: ..\JarvisSound\execute2.wav
2024-12-15 23:15:32,633 [INFO] [resource_manager] Аудиопоток освобождён.
2024-12-15 23:15:32,633 [INFO] [player] Файл успешно воспроизведён: ..\JarvisSound\execute2.wav
2024-12-15 23:15:36,124 [INFO] [player] Воспроизведение случайного приветствия...
2024-12-15 23:15:36,124 [INFO] [player] Начато воспроизведение файла: ../JarvisSound/WakeWord\yessir.wav
2024-12-15 23:15:37,432 [INFO] [resource_manager] Аудиопоток освобождён.
2024-12-15 23:15:37,433 [INFO] [player] Файл успешно воспроизведён: ../JarvisSound/WakeWord\yessir.wav
2024-12-15 23:15:38,319 [INFO] [recognizer] Запись команды...
2024-12-15 23:15:39,903 [INFO] [recognizer] Распознанная команда: про калькулятор
2024-12-15 23:15:39,911 [INFO] [resource_manager] Аудиопоток освобождён.
2024-12-15 23:15:39,985 [INFO] [app] Получена фраза: про калькулятор
2024-12-15 23:15:39,985 [INFO] [app] Команда отфильтрована: про калькулятор
2024-12-15 23:15:39,986 [INFO] [command] Поиск команды для фразы: про калькулятор
2024-12-15 23:15:40,044 [INFO] [command] Найдена команда: {'command': {'action': 'cli', 'cli_cmd': 'calc'}, 'voice': {'sounds': ['execute1', 'execute2']}, 'phrases': ['включи калькулятор', 'открой калькулятор', 'покажи калькулятор', 'запусти калькулятор', 'калькулятор']} с баллом 50.0
2024-12-15 23:15:40,045 [INFO] [app] Выполнение команды: {'command': {'action': 'cli', 'cli_cmd': 'calc'}, 'voice': {'sounds': ['execute1', 'execute2']}, 'phrases': ['включи калькулятор', 'открой калькулятор', 'покажи калькулятор', 'запусти калькулятор', 'калькулятор']}
2024-12-15 23:15:40,045 [INFO] [command] Воспроизведение звука: ..\JarvisSound\execute2.wav
2024-12-15 23:15:40,045 [INFO] [command] Выполняется команда: calc []
2024-12-15 23:15:40,045 [INFO] [player] Начато воспроизведение файла: ..\JarvisSound\execute2.wav
2024-12-15 23:15:41,872 [INFO] [resource_manager] Аудиопоток освобождён.
2024-12-15 23:15:41,873 [INFO] [player] Файл успешно воспроизведён: ..\JarvisSound\execute2.wav
2024-12-15 23:15:46,242 [INFO] [player] Воспроизведение случайного приветствия...
2024-12-15 23:15:46,242 [INFO] [player] Начато воспроизведение файла: ../JarvisSound/WakeWord\yessir.wav
2024-12-15 23:15:47,552 [INFO] [resource_manager] Аудиопоток освобождён.
2024-12-15 23:15:47,553 [INFO] [player] Файл успешно воспроизведён: ../JarvisSound/WakeWord\yessir.wav
2024-12-15 23:15:48,425 [INFO] [recognizer] Запись команды...
2024-12-15 23:15:51,054 [INFO] [recognizer] Распознанная команда: закрой калькулятор
2024-12-15 23:15:51,064 [INFO] [resource_manager] Аудиопоток освобождён.
2024-12-15 23:15:51,143 [INFO] [app] Получена фраза: закрой калькулятор
2024-12-15 23:15:51,143 [INFO] [app] Команда отфильтрована: закрой калькулятор
2024-12-15 23:15:51,143 [INFO] [command] Поиск команды для фразы: закрой калькулятор
2024-12-15 23:15:51,208 [INFO] [command] Найдена команда: {'command': {'action': 'cli', 'cli_cmd': 'taskkill', 'cli_args': ['/f', '/im', 'CalculatorApp.exe']}, 'voice': {'sounds': ['execute1', 'execute2']}, 'phrases': ['закрой калькулятор', 'отключи калькулятор', 'выключи калькулятор', 'убери калькулятор']} с баллом 100.0
2024-12-15 23:15:51,208 [INFO] [app] Выполнение команды: {'command': {'action': 'cli', 'cli_cmd': 'taskkill', 'cli_args': ['/f', '/im', 'CalculatorApp.exe']}, 'voice': {'sounds': ['execute1', 'execute2']}, 'phrases': ['закрой калькулятор', 'отключи калькулятор', 'выключи калькулятор', 'убери калькулятор']}
2024-12-15 23:15:51,722 [INFO] [command] Воспроизведение звука: ..\JarvisSound\execute1.wav
2024-12-15 23:15:51,722 [INFO] [command] Выполняется команда: taskkill ['/f', '/im', 'CalculatorApp.exe']
2024-12-15 23:15:51,723 [INFO] [player] Начато воспроизведение файла: ..\JarvisSound\execute1.wav
2024-12-15 23:15:53,433 [INFO] [resource_manager] Аудиопоток освобождён.
2024-12-15 23:15:53,433 [INFO] [player] Файл успешно воспроизведён: ..\JarvisSound\execute1.wav
2024-12-15 23:15:56,450 [INFO] [resource_manager] Аудиопоток освобождён.
2024-12-15 23:15:56,450 [INFO] [resource_manager] Porcupine освобождён.
2024-12-15 23:15:56,450 [INFO] [app] Ассистент остановлен пользователем.
2024-12-15 23:15:56,478 [INFO] [app] Очистка памяти завершена.
