2024-12-19 06:12:20,020 [INFO] [app] Команды загружены.
2024-12-19 06:12:20,020 [INFO] [app] Загруженные команды: [{'command': {'action': 'exe', 'exe_path': 'commands/browser/exe/Run browser.exe'}, 'voice': {'sounds': ['execute1', 'execute2', 'execute3']}, 'phrases': ['открой браузер']}, {'command': {'action': 'exe', 'exe_path': 'commands/browser/exe/Close browser.exe'}, 'voice': {'sounds': ['execute1', 'execute2', 'execute3']}, 'phrases': ['закрой все браузеры', 'закрой браузер', 'выключи браузер', 'убери браузер']}, {'command': {'action': 'exe', 'exe_path': 'commands/browser/exe/Run website.exe', 'exe_args': ['http://youtube.com']}, 'voice': {'sounds': ['execute1', 'execute2', 'execute3']}, 'phrases': ['открой ютуб', 'ютуб', 'запусти ютуб']}, {'command': {'action': 'cli', 'cli_cmd': 'calc'}, 'voice': {'sounds': ['execute1', 'execute2', 'execute3']}, 'phrases': ['включи калькулятор', 'открой калькулятор', 'покажи калькулятор', 'запусти калькулятор', 'калькулятор']}, {'command': {'action': 'cli', 'cli_cmd': 'taskkill', 'cli_args': ['/f', '/im', 'CalculatorApp.exe']}, 'voice': {'sounds': ['execute1', 'execute2', 'execute3']}, 'phrases': ['закрой калькулятор', 'отключи калькулятор', 'выключи калькулятор', 'убери калькулятор']}, {'command': {'action': 'voice'}, 'voice': {'sounds': ['joke1', 'joke2', 'joke3', 'joke4', 'joke5']}, 'phrases': ['расскажи анекдот', 'рассмеши', 'пошути', 'шутка', 'расскажи шутку', 'развесели меня', 'что нибудь смешное', 'подними мне настроение', 'мне скучно', 'хочу шутку', 'хочу анекдот', 'пошути', 'расскажи что нибудь смешное', 'расскажи смешное что нибудь', 'хочу посмеяться']}, {'command': {'action': 'exe', 'exe_path': 'commands/media/exe/ToggleMedia.exe'}, 'voice': {'sounds': ['execute1', 'execute2', 'execute3']}, 'phrases': ['останови воспроизведение', 'останови видео', 'останови музыку', 'поставь на паузу', 'нажми на паузу', 'сними с паузы', 'смотрим дальше', 'продолжи воспроизводить музыку', 'продолжи воспроизведение', 'сними с паузы']}, {'command': {'action': 'exe', 'exe_path': 'commands/volume/exe/MuteVolume.exe'}, 'voice': {'sounds': ['execute1', 'execute2', 'execute3']}, 'phrases': ['выключи звук', 'беззвучный режим', 'режим без звука', 'отключи звук']}, {'command': {'action': 'exe', 'exe_path': 'commands/volume/exe/MuteVolume.exe'}, 'voice': {'sounds': ['execute1', 'execute2', 'execute3']}, 'phrases': ['включи звук', 'режим со звуком', 'верни звук']}, {'command': {'action': 'exe', 'exe_path': 'commands/volume/exe/SetSound.exe', 'exe_args': ['25']}, 'voice': {'sounds': ['execute1', 'execute2', 'execute3']}, 'phrases': ['звук на минимум', 'громкость на минимум', 'убавь звук', 'сделай потише', 'убавь громоксть', 'поставь звук на минимум', 'поставь громкость на минимум', 'установи звук на минимум', 'установи громкость на минимум', 'минимальный уровень громкости']}, {'command': {'action': 'exe', 'exe_path': 'commands/volume/exe/SetSound.exe', 'exe_args': ['50']}, 'voice': {'sounds': ['execute1', 'execute2', 'execute3']}, 'phrases': ['звук пятьдесят', 'громкость пятьдесят', 'поставь звук на пятьдесят', 'поставь громкость на пятьдесят', 'установи звук на пятьдесят', 'установи громкость на пятьдесят', 'громкость на середину', 'средний уровень громкости', 'поставь звук на середину', 'установи громкость на середину', 'средний уровень громкости']}, {'command': {'action': 'exe', 'exe_path': 'commands/volume/exe/SetSound.exe', 'exe_args': ['100']}, 'voice': {'sounds': ['execute1', 'execute2', 'execute3']}, 'phrases': ['звук сто', 'громкость сто', 'поставь звук на сто', 'поставь громкость на сто', 'установи звук на сто', 'установи громкость на сто', 'громкость на максимум', 'установи громкость на максимум', 'звук на максимум', 'полная громкость', 'полный уровень громкости']}]
2024-12-19 06:12:20,024 [INFO] [app] Голосовой ассистент запущен...
2024-12-19 06:12:22,009 [INFO] [player] Воспроизведение случайного приветствия...
2024-12-19 06:12:22,010 [INFO] [player] Начато воспроизведение файла: ../JarvisSound/WakeWord\yessir.wav
2024-12-19 06:12:23,595 [INFO] [resource_manager] Аудиопоток освобождён.
2024-12-19 06:12:23,595 [INFO] [player] Файл успешно воспроизведён: ../JarvisSound/WakeWord\yessir.wav
2024-12-19 06:12:25,131 [INFO] [recognizer] Запись команды...
2024-12-19 06:12:26,997 [INFO] [recognizer] Распознанная команда: открой калькулятор
2024-12-19 06:12:27,003 [INFO] [resource_manager] Аудиопоток освобождён.
2024-12-19 06:12:27,087 [INFO] [app] Получена фраза: открой калькулятор
2024-12-19 06:12:27,087 [INFO] [app] Команда отфильтрована: открой калькулятор
2024-12-19 06:12:27,087 [INFO] [command] Поиск команды для фразы: открой калькулятор
2024-12-19 06:12:27,256 [INFO] [command] Найдена команда: {'command': {'action': 'cli', 'cli_cmd': 'calc'}, 'voice': {'sounds': ['execute1', 'execute2', 'execute3']}, 'phrases': ['включи калькулятор', 'открой калькулятор', 'покажи калькулятор', 'запусти калькулятор', 'калькулятор']} с баллом 100.0
2024-12-19 06:12:27,256 [INFO] [app] Выполнение команды: {'command': {'action': 'cli', 'cli_cmd': 'calc'}, 'voice': {'sounds': ['execute1', 'execute2', 'execute3']}, 'phrases': ['включи калькулятор', 'открой калькулятор', 'покажи калькулятор', 'запусти калькулятор', 'калькулятор']}
2024-12-19 06:12:27,257 [INFO] [command] Воспроизведение звука: ..\JarvisSound\execute3.wav
2024-12-19 06:12:27,257 [INFO] [command] Выполняется команда: calc []
2024-12-19 06:12:27,257 [INFO] [player] Начато воспроизведение файла: ..\JarvisSound\execute3.wav
2024-12-19 06:12:29,289 [INFO] [resource_manager] Аудиопоток освобождён.
2024-12-19 06:12:29,289 [INFO] [player] Файл успешно воспроизведён: ..\JarvisSound\execute3.wav
2024-12-19 06:12:30,859 [INFO] [player] Воспроизведение случайного приветствия...
2024-12-19 06:12:30,859 [INFO] [player] Начато воспроизведение файла: ../JarvisSound/WakeWord\atyourservice.wav
2024-12-19 06:12:33,059 [INFO] [resource_manager] Аудиопоток освобождён.
2024-12-19 06:12:33,059 [INFO] [player] Файл успешно воспроизведён: ../JarvisSound/WakeWord\atyourservice.wav
2024-12-19 06:12:33,930 [INFO] [recognizer] Запись команды...
2024-12-19 06:12:35,502 [INFO] [recognizer] Распознанная команда: калькулятор
2024-12-19 06:12:35,511 [INFO] [resource_manager] Аудиопоток освобождён.
2024-12-19 06:12:35,591 [INFO] [app] Получена фраза: калькулятор
2024-12-19 06:12:35,591 [INFO] [app] Команда отфильтрована: калькулятор
2024-12-19 06:12:35,591 [INFO] [command] Поиск команды для фразы: калькулятор
2024-12-19 06:12:35,746 [INFO] [command] Найдена команда: {'command': {'action': 'cli', 'cli_cmd': 'calc'}, 'voice': {'sounds': ['execute1', 'execute2', 'execute3']}, 'phrases': ['включи калькулятор', 'открой калькулятор', 'покажи калькулятор', 'запусти калькулятор', 'калькулятор']} с баллом 100.0
2024-12-19 06:12:35,747 [INFO] [app] Выполнение команды: {'command': {'action': 'cli', 'cli_cmd': 'calc'}, 'voice': {'sounds': ['execute1', 'execute2', 'execute3']}, 'phrases': ['включи калькулятор', 'открой калькулятор', 'покажи калькулятор', 'запусти калькулятор', 'калькулятор']}
2024-12-19 06:12:35,747 [INFO] [command] Воспроизведение звука: ..\JarvisSound\execute3.wav
2024-12-19 06:12:35,747 [INFO] [command] Выполняется команда: calc []
2024-12-19 06:12:35,748 [INFO] [player] Начато воспроизведение файла: ..\JarvisSound\execute3.wav
2024-12-19 06:12:37,772 [INFO] [resource_manager] Аудиопоток освобождён.
2024-12-19 06:12:37,773 [INFO] [player] Файл успешно воспроизведён: ..\JarvisSound\execute3.wav
2024-12-19 06:12:42,731 [INFO] [player] Воспроизведение случайного приветствия...
2024-12-19 06:12:42,731 [INFO] [player] Начато воспроизведение файла: ../JarvisSound/WakeWord\hearyou.wav
2024-12-19 06:12:44,492 [INFO] [resource_manager] Аудиопоток освобождён.
2024-12-19 06:12:44,493 [INFO] [player] Файл успешно воспроизведён: ../JarvisSound/WakeWord\hearyou.wav
2024-12-19 06:12:45,376 [INFO] [recognizer] Запись команды...
2024-12-19 06:12:47,992 [INFO] [recognizer] Не обнаружен голос пользователя
2024-12-19 06:12:47,997 [INFO] [resource_manager] Аудиопоток освобождён.
2024-12-19 06:12:48,067 [INFO] [app] Отсутствует полученная фраза
2024-12-19 06:12:49,993 [INFO] [player] Воспроизведение случайного приветствия...
2024-12-19 06:12:49,993 [INFO] [player] Начато воспроизведение файла: ../JarvisSound/WakeWord\atyourservice.wav
2024-12-19 06:12:52,185 [INFO] [resource_manager] Аудиопоток освобождён.
2024-12-19 06:12:52,185 [INFO] [player] Файл успешно воспроизведён: ../JarvisSound/WakeWord\atyourservice.wav
2024-12-19 06:12:53,041 [INFO] [recognizer] Запись команды...
2024-12-19 06:12:55,155 [INFO] [recognizer] Распознанная команда: закрой калькулятор
2024-12-19 06:12:55,157 [INFO] [resource_manager] Аудиопоток освобождён.
2024-12-19 06:12:55,229 [INFO] [app] Получена фраза: закрой калькулятор
2024-12-19 06:12:55,229 [INFO] [app] Команда отфильтрована: закрой калькулятор
2024-12-19 06:12:55,229 [INFO] [command] Поиск команды для фразы: закрой калькулятор
2024-12-19 06:12:55,390 [INFO] [command] Найдена команда: {'command': {'action': 'cli', 'cli_cmd': 'taskkill', 'cli_args': ['/f', '/im', 'CalculatorApp.exe']}, 'voice': {'sounds': ['execute1', 'execute2', 'execute3']}, 'phrases': ['закрой калькулятор', 'отключи калькулятор', 'выключи калькулятор', 'убери калькулятор']} с баллом 100.0
2024-12-19 06:12:55,390 [INFO] [app] Выполнение команды: {'command': {'action': 'cli', 'cli_cmd': 'taskkill', 'cli_args': ['/f', '/im', 'CalculatorApp.exe']}, 'voice': {'sounds': ['execute1', 'execute2', 'execute3']}, 'phrases': ['закрой калькулятор', 'отключи калькулятор', 'выключи калькулятор', 'убери калькулятор']}
2024-12-19 06:12:55,414 [INFO] [command] Воспроизведение звука: ..\JarvisSound\execute2.wav
2024-12-19 06:12:55,414 [INFO] [command] Выполняется команда: taskkill ['/f', '/im', 'CalculatorApp.exe']
2024-12-19 06:12:55,414 [INFO] [player] Начато воспроизведение файла: ..\JarvisSound\execute2.wav
2024-12-19 06:12:57,128 [INFO] [resource_manager] Аудиопоток освобождён.
2024-12-19 06:12:57,128 [INFO] [player] Файл успешно воспроизведён: ..\JarvisSound\execute2.wav
2024-12-19 06:13:00,179 [INFO] [resource_manager] Аудиопоток освобождён.
2024-12-19 06:13:00,180 [INFO] [resource_manager] Porcupine освобождён.
2024-12-19 06:13:00,180 [INFO] [app] Ассистент остановлен пользователем.
2024-12-19 06:13:00,216 [INFO] [app] Очистка памяти завершена.
