2024-12-15 20:56:50,123 [INFO] [app] Команды загружены.
2024-12-15 20:56:50,123 [INFO] [app] Загруженные команды: [{'command': {'action': 'cli', 'cli_cmd': 'calc'}, 'voice': {'sounds': ['execute1', 'execute2']}, 'phrases': ['включи калькулятор', 'открой калькулятор', 'покажи калькулятор', 'запусти калькулятор', 'калькулятор']}, {'command': {'action': 'cli', 'cli_cmd': 'taskkill', 'cli_args': ['/f', '/im', 'CalculatorApp.exe']}, 'voice': {'sounds': ['execute1', 'execute2']}, 'phrases': ['закрой калькулятор', 'отключи калькулятор', 'выключи калькулятор', 'убери калькулятор']}, {'command': {'action': 'voice'}, 'voice': {'sounds': ['joke1', 'joke2']}, 'phrases': ['расскажи анекдот', 'рассмеши', 'пошути', 'шутка', 'расскажи шутку', 'развесели меня', 'что нибудь смешное', 'подними мне настроение', 'мне скучно', 'хочу шутку', 'хочу анекдот', 'пошути', 'расскажи что нибудь смешное', 'расскажи смешное что нибудь', 'хочу посмеяться']}]
2024-12-15 20:56:50,124 [INFO] [app] Голосовой ассистент запущен...
2024-12-15 20:56:54,548 [INFO] [player] Воспроизведение приветствия
2024-12-15 20:56:55,643 [INFO] [resource_manager] Аудиопоток освобождён.
2024-12-15 20:56:55,644 [INFO] [player] Воспроизведён файл: D:\dev\VoiceAssistant\JarvisSound\WakeWord\howicanhelp.wav
2024-12-15 20:56:56,845 [INFO] [recognizer] Запись команды...
2024-12-15 20:56:59,476 [INFO] [recognizer] Распознанная команда: расскажи анекдот
2024-12-15 20:56:59,480 [INFO] [resource_manager] Аудиопоток освобождён.
2024-12-15 20:56:59,553 [INFO] [app] Получена фраза: расскажи анекдот
2024-12-15 20:56:59,554 [INFO] [app] Команда отфильтрована: рас анекдот
2024-12-15 20:56:59,554 [INFO] [command] Поиск команды для фразы: рас анекдот
2024-12-15 20:56:59,558 [INFO] [command] Проверка фразы: "включи калькулятор" — Fuzzy: 27%, Jaccard: 0.00
2024-12-15 20:56:59,560 [INFO] [command] Проверка фразы: "открой калькулятор" — Fuzzy: 36%, Jaccard: 0.00
2024-12-15 20:56:59,563 [INFO] [command] Проверка фразы: "покажи калькулятор" — Fuzzy: 36%, Jaccard: 0.00
2024-12-15 20:56:59,565 [INFO] [command] Проверка фразы: "запусти калькулятор" — Fuzzy: 36%, Jaccard: 0.00
2024-12-15 20:56:59,568 [INFO] [command] Проверка фразы: "калькулятор" — Fuzzy: 27%, Jaccard: 0.00
2024-12-15 20:56:59,570 [INFO] [command] Проверка фразы: "закрой калькулятор" — Fuzzy: 36%, Jaccard: 0.00
2024-12-15 20:56:59,572 [INFO] [command] Проверка фразы: "отключи калькулятор" — Fuzzy: 27%, Jaccard: 0.00
2024-12-15 20:56:59,574 [INFO] [command] Проверка фразы: "выключи калькулятор" — Fuzzy: 27%, Jaccard: 0.00
2024-12-15 20:56:59,576 [INFO] [command] Проверка фразы: "убери калькулятор" — Fuzzy: 36%, Jaccard: 0.00
2024-12-15 20:56:59,578 [INFO] [command] Проверка фразы: "расскажи анекдот" — Fuzzy: 82%, Jaccard: 0.33
2024-12-15 20:56:59,580 [INFO] [command] Проверка фразы: "рассмеши" — Fuzzy: 50%, Jaccard: 0.00
2024-12-15 20:56:59,582 [INFO] [command] Проверка фразы: "пошути" — Fuzzy: 36%, Jaccard: 0.00
2024-12-15 20:56:59,584 [INFO] [command] Проверка фразы: "шутка" — Fuzzy: 20%, Jaccard: 0.00
2024-12-15 20:56:59,586 [INFO] [command] Проверка фразы: "расскажи шутку" — Fuzzy: 36%, Jaccard: 0.00
2024-12-15 20:56:59,588 [INFO] [command] Проверка фразы: "развесели меня" — Fuzzy: 36%, Jaccard: 0.00
2024-12-15 20:56:59,591 [INFO] [command] Проверка фразы: "что нибудь смешное" — Fuzzy: 27%, Jaccard: 0.00
2024-12-15 20:56:59,593 [INFO] [command] Проверка фразы: "подними мне настроение" — Fuzzy: 36%, Jaccard: 0.00
2024-12-15 20:56:59,595 [INFO] [command] Проверка фразы: "мне скучно" — Fuzzy: 40%, Jaccard: 0.00
2024-12-15 20:56:59,597 [INFO] [command] Проверка фразы: "хочу шутку" — Fuzzy: 20%, Jaccard: 0.00
2024-12-15 20:56:59,599 [INFO] [command] Проверка фразы: "хочу анекдот" — Fuzzy: 73%, Jaccard: 0.33
2024-12-15 20:56:59,601 [INFO] [command] Проверка фразы: "пошути" — Fuzzy: 36%, Jaccard: 0.00
2024-12-15 20:56:59,603 [INFO] [command] Проверка фразы: "расскажи что нибудь смешное" — Fuzzy: 45%, Jaccard: 0.00
2024-12-15 20:56:59,605 [INFO] [command] Проверка фразы: "расскажи смешное что нибудь" — Fuzzy: 36%, Jaccard: 0.00
2024-12-15 20:56:59,607 [INFO] [command] Проверка фразы: "хочу посмеяться" — Fuzzy: 27%, Jaccard: 0.00
2024-12-15 20:56:59,607 [INFO] [command] Найдена команда: {'command': {'action': 'voice'}, 'voice': {'sounds': ['joke1', 'joke2']}, 'phrases': ['расскажи анекдот', 'рассмеши', 'пошути', 'шутка', 'расскажи шутку', 'развесели меня', 'что нибудь смешное', 'подними мне настроение', 'мне скучно', 'хочу шутку', 'хочу анекдот', 'пошути', 'расскажи что нибудь смешное', 'расскажи смешное что нибудь', 'хочу посмеяться']} с комбинированным баллом 27.333333333333332
2024-12-15 20:56:59,607 [INFO] [command] Воспроизведение голосового ответа...
2024-12-15 20:56:59,607 [INFO] [command] Выбран голосовой ответ: joke2
2024-12-15 20:56:59,608 [INFO] [app] Выполнение команды.
2024-12-15 20:57:05,913 [INFO] [resource_manager] Аудиопоток освобождён.
2024-12-15 20:57:05,914 [INFO] [player] Воспроизведён файл: ../JarvisSound/joke2.wav
2024-12-15 20:57:22,761 [INFO] [resource_manager] Аудиопоток освобождён.
2024-12-15 20:57:22,761 [INFO] [resource_manager] Porcupine освобождён.
2024-12-15 20:57:22,762 [INFO] [app] Ассистент остановлен пользователем.
