2024-12-15 22:21:44,676 [INFO] [app] Команды загружены.
2024-12-15 22:21:44,676 [INFO] [app] Загруженные команды: [{'command': {'action': 'exe', 'exe_path': 'commands/browser/exe/Run browser.exe'}, 'voice': {'sounds': ['execute1', 'execute2']}, 'phrases': ['открой браузер']}, {'command': {'action': 'exe', 'exe_path': 'commands/browser/exe/Close browser.exe'}, 'voice': {'sounds': ['execute1', 'execute2']}, 'phrases': ['закрой все браузеры', 'закрой браузер', 'выключи браузер', 'убери браузер']}, {'command': {'action': 'exe', 'exe_path': 'commands/browser/exe/Run website.exe', 'exe_args': ['http://youtube.com']}, 'voice': {'sounds': ['execute1', 'execute2']}, 'phrases': ['открой ютуб', 'ютуб', 'запусти ютуб']}, {'command': {'action': 'cli', 'cli_cmd': 'calc'}, 'voice': {'sounds': ['execute1', 'execute2']}, 'phrases': ['включи калькулятор', 'открой калькулятор', 'покажи калькулятор', 'запусти калькулятор', 'калькулятор']}, {'command': {'action': 'cli', 'cli_cmd': 'taskkill', 'cli_args': ['/f', '/im', 'CalculatorApp.exe']}, 'voice': {'sounds': ['execute1', 'execute2']}, 'phrases': ['закрой калькулятор', 'отключи калькулятор', 'выключи калькулятор', 'убери калькулятор']}, {'command': {'action': 'voice'}, 'voice': {'sounds': ['joke1', 'joke2']}, 'phrases': ['расскажи анекдот', 'рассмеши', 'пошути', 'шутка', 'расскажи шутку', 'развесели меня', 'что нибудь смешное', 'подними мне настроение', 'мне скучно', 'хочу шутку', 'хочу анекдот', 'пошути', 'расскажи что нибудь смешное', 'расскажи смешное что нибудь', 'хочу посмеяться']}]
2024-12-15 22:21:44,676 [INFO] [app] Голосовой ассистент запущен...
2024-12-15 22:21:48,527 [INFO] [player] Воспроизведение приветствия
2024-12-15 22:21:49,834 [INFO] [resource_manager] Аудиопоток освобождён.
2024-12-15 22:21:49,835 [INFO] [player] Воспроизведён файл: ../JarvisSound/WakeWord\yessir.wav
2024-12-15 22:21:50,785 [INFO] [recognizer] Запись команды...
2024-12-15 22:21:53,160 [INFO] [recognizer] Распознанная команда: открой браузер
2024-12-15 22:21:53,165 [INFO] [resource_manager] Аудиопоток освобождён.
2024-12-15 22:21:53,235 [INFO] [app] Получена фраза: открой браузер
2024-12-15 22:21:53,235 [INFO] [app] Команда отфильтрована: открой браузер
2024-12-15 22:21:53,235 [INFO] [command] Поиск команды для фразы: открой браузер
2024-12-15 22:21:53,238 [INFO] [command] Проверка фразы: "открой браузер" — Fuzzy: 100%, Jaccard: 1.00
2024-12-15 22:21:53,240 [INFO] [command] Проверка фразы: "закрой все браузеры" — Fuzzy: 71%, Jaccard: 0.00
2024-12-15 22:21:53,242 [INFO] [command] Проверка фразы: "закрой браузер" — Fuzzy: 86%, Jaccard: 0.33
2024-12-15 22:21:53,244 [INFO] [command] Проверка фразы: "выключи браузер" — Fuzzy: 64%, Jaccard: 0.33
2024-12-15 22:21:53,246 [INFO] [command] Проверка фразы: "убери браузер" — Fuzzy: 69%, Jaccard: 0.33
2024-12-15 22:21:53,248 [INFO] [command] Проверка фразы: "открой ютуб" — Fuzzy: 73%, Jaccard: 0.33
2024-12-15 22:21:53,250 [INFO] [command] Проверка фразы: "ютуб" — Fuzzy: 25%, Jaccard: 0.00
2024-12-15 22:21:53,252 [INFO] [command] Проверка фразы: "запусти ютуб" — Fuzzy: 25%, Jaccard: 0.00
2024-12-15 22:21:53,253 [INFO] [command] Проверка фразы: "включи калькулятор" — Fuzzy: 29%, Jaccard: 0.00
2024-12-15 22:21:53,255 [INFO] [command] Проверка фразы: "открой калькулятор" — Fuzzy: 64%, Jaccard: 0.33
2024-12-15 22:21:53,257 [INFO] [command] Проверка фразы: "покажи калькулятор" — Fuzzy: 36%, Jaccard: 0.00
2024-12-15 22:21:53,259 [INFO] [command] Проверка фразы: "запусти калькулятор" — Fuzzy: 36%, Jaccard: 0.00
2024-12-15 22:21:53,261 [INFO] [command] Проверка фразы: "калькулятор" — Fuzzy: 27%, Jaccard: 0.00
2024-12-15 22:21:53,263 [INFO] [command] Проверка фразы: "закрой калькулятор" — Fuzzy: 50%, Jaccard: 0.00
2024-12-15 22:21:53,265 [INFO] [command] Проверка фразы: "отключи калькулятор" — Fuzzy: 43%, Jaccard: 0.00
2024-12-15 22:21:53,267 [INFO] [command] Проверка фразы: "выключи калькулятор" — Fuzzy: 29%, Jaccard: 0.00
2024-12-15 22:21:53,269 [INFO] [command] Проверка фразы: "убери калькулятор" — Fuzzy: 36%, Jaccard: 0.00
2024-12-15 22:21:53,271 [INFO] [command] Проверка фразы: "расскажи анекдот" — Fuzzy: 29%, Jaccard: 0.00
2024-12-15 22:21:53,273 [INFO] [command] Проверка фразы: "рассмеши" — Fuzzy: 43%, Jaccard: 0.00
2024-12-15 22:21:53,275 [INFO] [command] Проверка фразы: "пошути" — Fuzzy: 17%, Jaccard: 0.00
2024-12-15 22:21:53,277 [INFO] [command] Проверка фразы: "шутка" — Fuzzy: 40%, Jaccard: 0.00
2024-12-15 22:21:53,279 [INFO] [command] Проверка фразы: "расскажи шутку" — Fuzzy: 23%, Jaccard: 0.00
2024-12-15 22:21:53,281 [INFO] [command] Проверка фразы: "развесели меня" — Fuzzy: 29%, Jaccard: 0.00
2024-12-15 22:21:53,282 [INFO] [command] Проверка фразы: "что нибудь смешное" — Fuzzy: 36%, Jaccard: 0.00
2024-12-15 22:21:53,284 [INFO] [command] Проверка фразы: "подними мне настроение" — Fuzzy: 29%, Jaccard: 0.00
2024-12-15 22:21:53,286 [INFO] [command] Проверка фразы: "мне скучно" — Fuzzy: 20%, Jaccard: 0.00
2024-12-15 22:21:53,288 [INFO] [command] Проверка фразы: "хочу шутку" — Fuzzy: 30%, Jaccard: 0.00
2024-12-15 22:21:53,290 [INFO] [command] Проверка фразы: "хочу анекдот" — Fuzzy: 35%, Jaccard: 0.00
2024-12-15 22:21:53,292 [INFO] [command] Проверка фразы: "пошути" — Fuzzy: 17%, Jaccard: 0.00
2024-12-15 22:21:53,294 [INFO] [command] Проверка фразы: "расскажи что нибудь смешное" — Fuzzy: 43%, Jaccard: 0.00
2024-12-15 22:21:53,296 [INFO] [command] Проверка фразы: "расскажи смешное что нибудь" — Fuzzy: 44%, Jaccard: 0.00
2024-12-15 22:21:53,298 [INFO] [command] Проверка фразы: "хочу посмеяться" — Fuzzy: 21%, Jaccard: 0.00
2024-12-15 22:21:53,298 [INFO] [command] Найдена команда: {'command': {'action': 'exe', 'exe_path': 'commands/browser/exe/Run browser.exe'}, 'voice': {'sounds': ['execute1', 'execute2']}, 'phrases': ['открой браузер']} с комбинированным баллом 100.0
2024-12-15 22:21:53,299 [INFO] [command] Запуск исполняемого файла: D:\dev\New\commands\browser\exe\Run browser.exe с аргументами []
2024-12-15 22:21:53,380 [INFO] [command] Исполняемый файл успешно запущен.
2024-12-15 22:21:53,380 [INFO] [command] Воспроизведение звука: ..\JarvisSound\execute2.wav
2024-12-15 22:21:55,214 [INFO] [resource_manager] Аудиопоток освобождён.
2024-12-15 22:21:55,215 [INFO] [player] Воспроизведён файл: ..\JarvisSound\execute2.wav
2024-12-15 22:21:55,215 [INFO] [app] Выполнение команды.
2024-12-15 22:21:57,189 [INFO] [player] Воспроизведение приветствия
2024-12-15 22:21:59,014 [INFO] [resource_manager] Аудиопоток освобождён.
2024-12-15 22:21:59,015 [INFO] [player] Воспроизведён файл: ../JarvisSound/WakeWord\atyourservice.wav
2024-12-15 22:21:59,896 [INFO] [recognizer] Запись команды...
2024-12-15 22:22:02,242 [INFO] [recognizer] Распознанная команда: открой ютуб
2024-12-15 22:22:02,253 [INFO] [resource_manager] Аудиопоток освобождён.
2024-12-15 22:22:02,323 [INFO] [app] Получена фраза: открой ютуб
2024-12-15 22:22:02,323 [INFO] [app] Команда отфильтрована: открой ютуб
2024-12-15 22:22:02,324 [INFO] [command] Поиск команды для фразы: открой ютуб
2024-12-15 22:22:02,326 [INFO] [command] Проверка фразы: "открой браузер" — Fuzzy: 73%, Jaccard: 0.33
2024-12-15 22:22:02,328 [INFO] [command] Проверка фразы: "закрой все браузеры" — Fuzzy: 45%, Jaccard: 0.00
2024-12-15 22:22:02,330 [INFO] [command] Проверка фразы: "закрой браузер" — Fuzzy: 55%, Jaccard: 0.00
2024-12-15 22:22:02,332 [INFO] [command] Проверка фразы: "выключи браузер" — Fuzzy: 27%, Jaccard: 0.00
2024-12-15 22:22:02,334 [INFO] [command] Проверка фразы: "убери браузер" — Fuzzy: 27%, Jaccard: 0.00
2024-12-15 22:22:02,335 [INFO] [command] Проверка фразы: "открой ютуб" — Fuzzy: 100%, Jaccard: 1.00
2024-12-15 22:22:02,337 [INFO] [command] Проверка фразы: "ютуб" — Fuzzy: 100%, Jaccard: 0.50
2024-12-15 22:22:02,339 [INFO] [command] Проверка фразы: "запусти ютуб" — Fuzzy: 55%, Jaccard: 0.33
2024-12-15 22:22:02,341 [INFO] [command] Проверка фразы: "включи калькулятор" — Fuzzy: 18%, Jaccard: 0.00
2024-12-15 22:22:02,343 [INFO] [command] Проверка фразы: "открой калькулятор" — Fuzzy: 64%, Jaccard: 0.33
2024-12-15 22:22:02,345 [INFO] [command] Проверка фразы: "покажи калькулятор" — Fuzzy: 27%, Jaccard: 0.00
2024-12-15 22:22:02,347 [INFO] [command] Проверка фразы: "запусти калькулятор" — Fuzzy: 27%, Jaccard: 0.00
2024-12-15 22:22:02,349 [INFO] [command] Проверка фразы: "калькулятор" — Fuzzy: 18%, Jaccard: 0.00
2024-12-15 22:22:02,351 [INFO] [command] Проверка фразы: "закрой калькулятор" — Fuzzy: 45%, Jaccard: 0.00
2024-12-15 22:22:02,353 [INFO] [command] Проверка фразы: "отключи калькулятор" — Fuzzy: 36%, Jaccard: 0.00
2024-12-15 22:22:02,355 [INFO] [command] Проверка фразы: "выключи калькулятор" — Fuzzy: 18%, Jaccard: 0.00
2024-12-15 22:22:02,357 [INFO] [command] Проверка фразы: "убери калькулятор" — Fuzzy: 18%, Jaccard: 0.00
2024-12-15 22:22:02,359 [INFO] [command] Проверка фразы: "расскажи анекдот" — Fuzzy: 27%, Jaccard: 0.00
2024-12-15 22:22:02,360 [INFO] [command] Проверка фразы: "рассмеши" — Fuzzy: 12%, Jaccard: 0.00
2024-12-15 22:22:02,362 [INFO] [command] Проверка фразы: "пошути" — Fuzzy: 33%, Jaccard: 0.00
2024-12-15 22:22:02,364 [INFO] [command] Проверка фразы: "шутка" — Fuzzy: 20%, Jaccard: 0.00
2024-12-15 22:22:02,366 [INFO] [command] Проверка фразы: "расскажи шутку" — Fuzzy: 38%, Jaccard: 0.00
2024-12-15 22:22:02,368 [INFO] [command] Проверка фразы: "развесели меня" — Fuzzy: 9%, Jaccard: 0.00
2024-12-15 22:22:02,370 [INFO] [command] Проверка фразы: "что нибудь смешное" — Fuzzy: 27%, Jaccard: 0.00
2024-12-15 22:22:02,372 [INFO] [command] Проверка фразы: "подними мне настроение" — Fuzzy: 27%, Jaccard: 0.00
2024-12-15 22:22:02,374 [INFO] [command] Проверка фразы: "мне скучно" — Fuzzy: 22%, Jaccard: 0.00
2024-12-15 22:22:02,376 [INFO] [command] Проверка фразы: "хочу шутку" — Fuzzy: 44%, Jaccard: 0.00
2024-12-15 22:22:02,378 [INFO] [command] Проверка фразы: "хочу анекдот" — Fuzzy: 36%, Jaccard: 0.00
2024-12-15 22:22:02,379 [INFO] [command] Проверка фразы: "пошути" — Fuzzy: 33%, Jaccard: 0.00
2024-12-15 22:22:02,381 [INFO] [command] Проверка фразы: "расскажи что нибудь смешное" — Fuzzy: 36%, Jaccard: 0.00
2024-12-15 22:22:02,383 [INFO] [command] Проверка фразы: "расскажи смешное что нибудь" — Fuzzy: 36%, Jaccard: 0.00
2024-12-15 22:22:02,385 [INFO] [command] Проверка фразы: "хочу посмеяться" — Fuzzy: 27%, Jaccard: 0.00
2024-12-15 22:22:02,385 [INFO] [command] Найдена команда: {'command': {'action': 'exe', 'exe_path': 'commands/browser/exe/Run website.exe', 'exe_args': ['http://youtube.com']}, 'voice': {'sounds': ['execute1', 'execute2']}, 'phrases': ['открой ютуб', 'ютуб', 'запусти ютуб']} с комбинированным баллом 100.0
2024-12-15 22:22:02,386 [INFO] [command] Запуск исполняемого файла: D:\dev\New\commands\browser\exe\Run website.exe с аргументами ['http://youtube.com']
2024-12-15 22:22:02,484 [INFO] [command] Исполняемый файл успешно запущен.
2024-12-15 22:22:02,484 [INFO] [command] Воспроизведение звука: ..\JarvisSound\execute1.wav
2024-12-15 22:22:04,194 [INFO] [resource_manager] Аудиопоток освобождён.
2024-12-15 22:22:04,194 [INFO] [player] Воспроизведён файл: ..\JarvisSound\execute1.wav
2024-12-15 22:22:04,194 [INFO] [app] Выполнение команды.
2024-12-15 22:22:07,750 [INFO] [resource_manager] Аудиопоток освобождён.
2024-12-15 22:22:07,750 [INFO] [resource_manager] Porcupine освобождён.
2024-12-15 22:22:07,750 [INFO] [app] Ассистент остановлен пользователем.
