2024-12-15 20:57:53,827 [INFO] [app] Команды загружены.
2024-12-15 20:57:53,827 [INFO] [app] Загруженные команды: [{'command': {'action': 'cli', 'cli_cmd': 'calc'}, 'voice': {'sounds': ['execute1', 'execute2']}, 'phrases': ['включи калькулятор', 'открой калькулятор', 'покажи калькулятор', 'запусти калькулятор', 'калькулятор']}, {'command': {'action': 'cli', 'cli_cmd': 'taskkill', 'cli_args': ['/f', '/im', 'CalculatorApp.exe']}, 'voice': {'sounds': ['execute1', 'execute2']}, 'phrases': ['закрой калькулятор', 'отключи калькулятор', 'выключи калькулятор', 'убери калькулятор']}, {'command': {'action': 'voice'}, 'voice': {'sounds': ['joke1', 'joke2']}, 'phrases': ['расскажи анекдот', 'рассмеши', 'пошути', 'шутка', 'расскажи шутку', 'развесели меня', 'что нибудь смешное', 'подними мне настроение', 'мне скучно', 'хочу шутку', 'хочу анекдот', 'пошути', 'расскажи что нибудь смешное', 'расскажи смешное что нибудь', 'хочу посмеяться']}]
2024-12-15 20:57:53,827 [INFO] [app] Голосовой ассистент запущен...
2024-12-15 20:57:56,298 [INFO] [player] Воспроизведение приветствия
2024-12-15 20:57:57,443 [INFO] [resource_manager] Аудиопоток освобождён.
2024-12-15 20:57:57,443 [INFO] [player] Воспроизведён файл: D:\dev\VoiceAssistant\JarvisSound\WakeWord\atyourservice.wav
2024-12-15 20:57:58,334 [INFO] [recognizer] Запись команды...
2024-12-15 20:58:00,418 [INFO] [recognizer] Распознанная команда: открой калькулятор
2024-12-15 20:58:00,421 [INFO] [resource_manager] Аудиопоток освобождён.
2024-12-15 20:58:00,507 [INFO] [app] Получена фраза: открой калькулятор
2024-12-15 20:58:00,507 [INFO] [app] Команда отфильтрована: открой калькулятор
2024-12-15 20:58:00,508 [INFO] [command] Поиск команды для фразы: открой калькулятор
2024-12-15 20:58:00,512 [INFO] [command] Проверка фразы: "включи калькулятор" — Fuzzy: 72%, Jaccard: 0.33
2024-12-15 20:58:00,514 [INFO] [command] Проверка фразы: "открой калькулятор" — Fuzzy: 100%, Jaccard: 1.00
2024-12-15 20:58:00,517 [INFO] [command] Проверка фразы: "покажи калькулятор" — Fuzzy: 80%, Jaccard: 0.33
2024-12-15 20:58:00,519 [INFO] [command] Проверка фразы: "запусти калькулятор" — Fuzzy: 72%, Jaccard: 0.33
2024-12-15 20:58:00,520 [INFO] [command] Проверка фразы: "калькулятор" — Fuzzy: 100%, Jaccard: 0.50
2024-12-15 20:58:00,522 [INFO] [command] Проверка фразы: "закрой калькулятор" — Fuzzy: 89%, Jaccard: 0.33
2024-12-15 20:58:00,524 [INFO] [command] Проверка фразы: "отключи калькулятор" — Fuzzy: 78%, Jaccard: 0.33
2024-12-15 20:58:00,526 [INFO] [command] Проверка фразы: "выключи калькулятор" — Fuzzy: 72%, Jaccard: 0.33
2024-12-15 20:58:00,528 [INFO] [command] Проверка фразы: "убери калькулятор" — Fuzzy: 76%, Jaccard: 0.33
2024-12-15 20:58:00,530 [INFO] [command] Проверка фразы: "расскажи анекдот" — Fuzzy: 32%, Jaccard: 0.00
2024-12-15 20:58:00,533 [INFO] [command] Проверка фразы: "рассмеши" — Fuzzy: 25%, Jaccard: 0.00
2024-12-15 20:58:00,535 [INFO] [command] Проверка фразы: "пошути" — Fuzzy: 33%, Jaccard: 0.00
2024-12-15 20:58:00,537 [INFO] [command] Проверка фразы: "шутка" — Fuzzy: 40%, Jaccard: 0.00
2024-12-15 20:58:00,539 [INFO] [command] Проверка фразы: "расскажи шутку" — Fuzzy: 36%, Jaccard: 0.00
2024-12-15 20:58:00,541 [INFO] [command] Проверка фразы: "развесели меня" — Fuzzy: 29%, Jaccard: 0.00
2024-12-15 20:58:00,543 [INFO] [command] Проверка фразы: "что нибудь смешное" — Fuzzy: 28%, Jaccard: 0.00
2024-12-15 20:58:00,545 [INFO] [command] Проверка фразы: "подними мне настроение" — Fuzzy: 28%, Jaccard: 0.00
2024-12-15 20:58:00,547 [INFO] [command] Проверка фразы: "мне скучно" — Fuzzy: 30%, Jaccard: 0.00
2024-12-15 20:58:00,550 [INFO] [command] Проверка фразы: "хочу шутку" — Fuzzy: 40%, Jaccard: 0.00
2024-12-15 20:58:00,552 [INFO] [command] Проверка фразы: "хочу анекдот" — Fuzzy: 33%, Jaccard: 0.00
2024-12-15 20:58:00,555 [INFO] [command] Проверка фразы: "пошути" — Fuzzy: 33%, Jaccard: 0.00
2024-12-15 20:58:00,557 [INFO] [command] Проверка фразы: "расскажи что нибудь смешное" — Fuzzy: 28%, Jaccard: 0.00
2024-12-15 20:58:00,559 [INFO] [command] Проверка фразы: "расскажи смешное что нибудь" — Fuzzy: 28%, Jaccard: 0.00
2024-12-15 20:58:00,560 [INFO] [command] Проверка фразы: "хочу посмеяться" — Fuzzy: 28%, Jaccard: 0.00
2024-12-15 20:58:00,561 [INFO] [command] Найдена команда: {'command': {'action': 'cli', 'cli_cmd': 'calc'}, 'voice': {'sounds': ['execute1', 'execute2']}, 'phrases': ['включи калькулятор', 'открой калькулятор', 'покажи калькулятор', 'запусти калькулятор', 'калькулятор']} с комбинированным баллом 100.0
2024-12-15 20:58:00,561 [INFO] [command] Выбран голосовой ответ: execute2
2024-12-15 20:58:00,562 [INFO] [command] Выполняется команда: calc []
2024-12-15 20:58:02,393 [INFO] [resource_manager] Аудиопоток освобождён.
2024-12-15 20:58:02,393 [INFO] [player] Воспроизведён файл: ../JarvisSound/execute2.wav
2024-12-15 20:58:02,394 [INFO] [app] Выполнение команды.
2024-12-15 20:58:15,799 [INFO] [player] Воспроизведение приветствия
2024-12-15 20:58:16,943 [INFO] [resource_manager] Аудиопоток освобождён.
2024-12-15 20:58:16,943 [INFO] [player] Воспроизведён файл: D:\dev\VoiceAssistant\JarvisSound\WakeWord\atyourservice.wav
2024-12-15 20:58:17,852 [INFO] [recognizer] Запись команды...
2024-12-15 20:58:20,189 [INFO] [recognizer] Распознанная команда: закрой калькулятор
2024-12-15 20:58:20,200 [INFO] [resource_manager] Аудиопоток освобождён.
2024-12-15 20:58:20,280 [INFO] [app] Получена фраза: закрой калькулятор
2024-12-15 20:58:20,280 [INFO] [app] Команда отфильтрована: закрой калькулятор
2024-12-15 20:58:20,280 [INFO] [command] Поиск команды для фразы: закрой калькулятор
2024-12-15 20:58:20,283 [INFO] [command] Проверка фразы: "включи калькулятор" — Fuzzy: 72%, Jaccard: 0.33
2024-12-15 20:58:20,284 [INFO] [command] Проверка фразы: "открой калькулятор" — Fuzzy: 89%, Jaccard: 0.33
2024-12-15 20:58:20,286 [INFO] [command] Проверка фразы: "покажи калькулятор" — Fuzzy: 72%, Jaccard: 0.33
2024-12-15 20:58:20,288 [INFO] [command] Проверка фразы: "запусти калькулятор" — Fuzzy: 72%, Jaccard: 0.33
2024-12-15 20:58:20,290 [INFO] [command] Проверка фразы: "калькулятор" — Fuzzy: 100%, Jaccard: 0.50
2024-12-15 20:58:20,292 [INFO] [command] Проверка фразы: "закрой калькулятор" — Fuzzy: 100%, Jaccard: 1.00
2024-12-15 20:58:20,294 [INFO] [command] Проверка фразы: "отключи калькулятор" — Fuzzy: 72%, Jaccard: 0.33
2024-12-15 20:58:20,296 [INFO] [command] Проверка фразы: "выключи калькулятор" — Fuzzy: 72%, Jaccard: 0.33
2024-12-15 20:58:20,298 [INFO] [command] Проверка фразы: "убери калькулятор" — Fuzzy: 76%, Jaccard: 0.33
2024-12-15 20:58:20,300 [INFO] [command] Проверка фразы: "расскажи анекдот" — Fuzzy: 38%, Jaccard: 0.00
2024-12-15 20:58:20,302 [INFO] [command] Проверка фразы: "рассмеши" — Fuzzy: 25%, Jaccard: 0.00
2024-12-15 20:58:20,304 [INFO] [command] Проверка фразы: "пошути" — Fuzzy: 33%, Jaccard: 0.00
2024-12-15 20:58:20,306 [INFO] [command] Проверка фразы: "шутка" — Fuzzy: 40%, Jaccard: 0.00
2024-12-15 20:58:20,308 [INFO] [command] Проверка фразы: "расскажи шутку" — Fuzzy: 36%, Jaccard: 0.00
2024-12-15 20:58:20,310 [INFO] [command] Проверка фразы: "развесели меня" — Fuzzy: 29%, Jaccard: 0.00
2024-12-15 20:58:20,312 [INFO] [command] Проверка фразы: "что нибудь смешное" — Fuzzy: 22%, Jaccard: 0.00
2024-12-15 20:58:20,314 [INFO] [command] Проверка фразы: "подними мне настроение" — Fuzzy: 28%, Jaccard: 0.00
2024-12-15 20:58:20,316 [INFO] [command] Проверка фразы: "мне скучно" — Fuzzy: 30%, Jaccard: 0.00
2024-12-15 20:58:20,318 [INFO] [command] Проверка фразы: "хочу шутку" — Fuzzy: 40%, Jaccard: 0.00
2024-12-15 20:58:20,320 [INFO] [command] Проверка фразы: "хочу анекдот" — Fuzzy: 33%, Jaccard: 0.00
2024-12-15 20:58:20,322 [INFO] [command] Проверка фразы: "пошути" — Fuzzy: 33%, Jaccard: 0.00
2024-12-15 20:58:20,325 [INFO] [command] Проверка фразы: "расскажи что нибудь смешное" — Fuzzy: 28%, Jaccard: 0.00
2024-12-15 20:58:20,327 [INFO] [command] Проверка фразы: "расскажи смешное что нибудь" — Fuzzy: 28%, Jaccard: 0.00
2024-12-15 20:58:20,330 [INFO] [command] Проверка фразы: "хочу посмеяться" — Fuzzy: 28%, Jaccard: 0.00
2024-12-15 20:58:20,330 [INFO] [command] Найдена команда: {'command': {'action': 'cli', 'cli_cmd': 'taskkill', 'cli_args': ['/f', '/im', 'CalculatorApp.exe']}, 'voice': {'sounds': ['execute1', 'execute2']}, 'phrases': ['закрой калькулятор', 'отключи калькулятор', 'выключи калькулятор', 'убери калькулятор']} с комбинированным баллом 100.0
2024-12-15 20:58:21,027 [INFO] [command] Выбран голосовой ответ: execute1
2024-12-15 20:58:21,028 [INFO] [command] Выполняется команда: taskkill ['/f', '/im', 'CalculatorApp.exe']
2024-12-15 20:58:22,743 [INFO] [resource_manager] Аудиопоток освобождён.
2024-12-15 20:58:22,743 [INFO] [player] Воспроизведён файл: ../JarvisSound/execute1.wav
2024-12-15 20:58:22,744 [INFO] [app] Выполнение команды.
2024-12-15 20:58:38,471 [INFO] [resource_manager] Аудиопоток освобождён.
2024-12-15 20:58:38,472 [INFO] [resource_manager] Porcupine освобождён.
2024-12-15 20:58:38,472 [INFO] [app] Ассистент остановлен пользователем.
